  Source.cpp
C:\Users\yicli\source\repos\GestureDetec\lab3_solution\lab3_solution\Source.cpp(269,49): warning C4244: “=”: 从“double”转换到“_Tp”，可能丢失数据
          with
          [
              _Tp=uchar
          ]
C:\Users\yicli\source\repos\GestureDetec\lab3_solution\lab3_solution\Source.cpp(355,10): warning C4244: “初始化”: 从“double”转换到“uchar”，可能丢失数据
C:\Users\yicli\source\repos\GestureDetec\lab3_solution\lab3_solution\Source.cpp(356,10): warning C4244: “初始化”: 从“double”转换到“uchar”，可能丢失数据
C:\Users\yicli\source\repos\GestureDetec\lab3_solution\lab3_solution\Source.cpp(357,10): warning C4244: “初始化”: 从“double”转换到“uchar”，可能丢失数据
C:\Users\yicli\source\repos\GestureDetec\lab3_solution\lab3_solution\Source.cpp(394,26): warning C4244: “=”: 从“_Tp”转换到“uchar”，可能丢失数据
          with
          [
              _Tp=double
          ]
C:\Users\yicli\source\repos\GestureDetec\lab3_solution\lab3_solution\Source.cpp(395,26): warning C4244: “=”: 从“_Tp”转换到“uchar”，可能丢失数据
          with
          [
              _Tp=double
          ]
C:\Users\yicli\source\repos\GestureDetec\lab3_solution\lab3_solution\Source.cpp(396,26): warning C4244: “=”: 从“_Tp”转换到“uchar”，可能丢失数据
          with
          [
              _Tp=double
          ]
  lab3_solution.vcxproj -> C:\Users\yicli\source\repos\GestureDetec\lab3_solution\x64\Debug\lab3_solution.exe
